{"C:\\Users\\MLGLTP02\\Documents\\projects\\salt-id\\sample-angular-typicode-v1-lazy\\src\\config.ts": {"path":"C:\\Users\\MLGLTP02\\Documents\\projects\\salt-id\\sample-angular-typicode-v1-lazy\\src\\config.ts","statementMap":{"0":{"start":{"line":1,"column":0},"end":{"line":6,"column":1}},"1":{"start":{"line":8,"column":15},"end":{"line":8,"column":37}}},"fnMap":{},"branchMap":{},"s":{"0":1,"1":1},"f":{},"b":{},"_coverageSchema":"1a1c01bbd47fc00a2c39e90264f33305004495a9","hash":"f45d7c100488d1a8d794d4d9a6944024c6669493"}
,"C:\\Users\\MLGLTP02\\Documents\\projects\\salt-id\\sample-angular-typicode-v1-lazy\\src\\services\\post.service.ts": {"path":"C:\\Users\\MLGLTP02\\Documents\\projects\\salt-id\\sample-angular-typicode-v1-lazy\\src\\services\\post.service.ts","statementMap":{"0":{"start":{"line":5,"column":13},"end":{"line":5,"column":41}},"1":{"start":{"line":15,"column":27},"end":{"line":15,"column":74}},"2":{"start":{"line":16,"column":12},"end":{"line":16,"column":26}},"3":{"start":{"line":21,"column":27},"end":{"line":21,"column":78}},"4":{"start":{"line":22,"column":12},"end":{"line":22,"column":26}},"5":{"start":{"line":27,"column":12},"end":{"line":30,"column":13}},"6":{"start":{"line":29,"column":16},"end":{"line":29,"column":92}},"7":{"start":{"line":31,"column":33},"end":{"line":31,"column":70}},"8":{"start":{"line":32,"column":27},"end":{"line":32,"column":95}},"9":{"start":{"line":33,"column":12},"end":{"line":33,"column":26}},"10":{"start":{"line":38,"column":27},"end":{"line":38,"column":108}},"11":{"start":{"line":39,"column":12},"end":{"line":39,"column":26}},"12":{"start":{"line":44,"column":27},"end":{"line":44,"column":113}},"13":{"start":{"line":45,"column":12},"end":{"line":45,"column":26}},"14":{"start":{"line":50,"column":27},"end":{"line":50,"column":107}},"15":{"start":{"line":51,"column":12},"end":{"line":51,"column":26}},"16":{"start":{"line":56,"column":12},"end":{"line":56,"column":44}},"17":{"start":{"line":60,"column":4},"end":{"line":60,"column":50}},"18":{"start":{"line":61,"column":4},"end":{"line":61,"column":51}}},"fnMap":{"0":{"name":"(anonymous_0)","decl":{"start":{"line":9,"column":8},"end":{"line":9,"column":9}},"loc":{"start":{"line":10,"column":8},"end":{"line":11,"column":9}},"line":10},"1":{"name":"(anonymous_1)","decl":{"start":{"line":13,"column":8},"end":{"line":13,"column":9}},"loc":{"start":{"line":14,"column":8},"end":{"line":17,"column":9}},"line":14},"2":{"name":"(anonymous_2)","decl":{"start":{"line":19,"column":8},"end":{"line":19,"column":9}},"loc":{"start":{"line":20,"column":8},"end":{"line":23,"column":9}},"line":20},"3":{"name":"(anonymous_3)","decl":{"start":{"line":25,"column":8},"end":{"line":25,"column":9}},"loc":{"start":{"line":25,"column":75},"end":{"line":34,"column":9}},"line":25},"4":{"name":"(anonymous_4)","decl":{"start":{"line":36,"column":8},"end":{"line":36,"column":9}},"loc":{"start":{"line":37,"column":8},"end":{"line":40,"column":9}},"line":37},"5":{"name":"(anonymous_5)","decl":{"start":{"line":42,"column":8},"end":{"line":42,"column":9}},"loc":{"start":{"line":43,"column":8},"end":{"line":46,"column":9}},"line":43},"6":{"name":"(anonymous_6)","decl":{"start":{"line":48,"column":8},"end":{"line":48,"column":9}},"loc":{"start":{"line":49,"column":8},"end":{"line":52,"column":9}},"line":49},"7":{"name":"(anonymous_7)","decl":{"start":{"line":54,"column":8},"end":{"line":54,"column":9}},"loc":{"start":{"line":55,"column":8},"end":{"line":57,"column":9}},"line":55}},"branchMap":{"0":{"loc":{"start":{"line":25,"column":20},"end":{"line":25,"column":73}},"type":"default-arg","locations":[{"start":{"line":25,"column":69},"end":{"line":25,"column":73}}],"line":25},"1":{"loc":{"start":{"line":27,"column":12},"end":{"line":30,"column":13}},"type":"if","locations":[{"start":{"line":27,"column":12},"end":{"line":30,"column":13}},{"start":{},"end":{}}],"line":27},"2":{"loc":{"start":{"line":31,"column":33},"end":{"line":31,"column":70}},"type":"cond-expr","locations":[{"start":{"line":31,"column":42},"end":{"line":31,"column":65}},{"start":{"line":31,"column":68},"end":{"line":31,"column":70}}],"line":31}},"s":{"0":1,"1":1,"2":1,"3":1,"4":1,"5":2,"6":1,"7":2,"8":2,"9":2,"10":1,"11":1,"12":1,"13":1,"14":1,"15":1,"16":8,"17":1,"18":1},"f":{"0":8,"1":1,"2":1,"3":2,"4":1,"5":1,"6":1,"7":8},"b":{"0":[1],"1":[1,1],"2":[1,1]},"_coverageSchema":"1a1c01bbd47fc00a2c39e90264f33305004495a9","hash":"0fecb763fcfb33729e065adcbfce463e23f4dd5c"}
}
