{"C:\\Users\\MLGLTP02\\Documents\\projects\\salt-id\\sample-angular-typicode-v1-lazy\\src\\config.ts": {"path":"C:\\Users\\MLGLTP02\\Documents\\projects\\salt-id\\sample-angular-typicode-v1-lazy\\src\\config.ts","statementMap":{"0":{"start":{"line":1,"column":0},"end":{"line":6,"column":1}},"1":{"start":{"line":8,"column":15},"end":{"line":8,"column":37}}},"fnMap":{},"branchMap":{},"s":{"0":1,"1":1},"f":{},"b":{},"_coverageSchema":"1a1c01bbd47fc00a2c39e90264f33305004495a9","hash":"f45d7c100488d1a8d794d4d9a6944024c6669493"}
,"C:\\Users\\MLGLTP02\\Documents\\projects\\salt-id\\sample-angular-typicode-v1-lazy\\src\\components\\post\\post.component.html": {"path":"C:\\Users\\MLGLTP02\\Documents\\projects\\salt-id\\sample-angular-typicode-v1-lazy\\src\\components\\post\\post.component.html","statementMap":{"0":{"start":{"line":1,"column":0},"end":{"line":1,"column":1919}}},"fnMap":{},"branchMap":{},"s":{"0":1},"f":{},"b":{},"_coverageSchema":"1a1c01bbd47fc00a2c39e90264f33305004495a9","hash":"348b9e2e3a937980c6ddfc9bd94da3f4676ea95d"}
,"C:\\Users\\MLGLTP02\\Documents\\projects\\salt-id\\sample-angular-typicode-v1-lazy\\src\\components\\post\\post.component.ts": {"path":"C:\\Users\\MLGLTP02\\Documents\\projects\\salt-id\\sample-angular-typicode-v1-lazy\\src\\components\\post\\post.component.ts","statementMap":{"0":{"start":{"line":3,"column":13},"end":{"line":3,"column":41}},"1":{"start":{"line":7,"column":25},"end":{"line":7,"column":63}},"2":{"start":{"line":8,"column":25},"end":{"line":8,"column":29}},"3":{"start":{"line":9,"column":25},"end":{"line":13,"column":9}},"4":{"start":{"line":14,"column":27},"end":{"line":14,"column":29}},"5":{"start":{"line":15,"column":34},"end":{"line":15,"column":35}},"6":{"start":{"line":16,"column":22},"end":{"line":16,"column":23}},"7":{"start":{"line":24,"column":12},"end":{"line":24,"column":26}},"8":{"start":{"line":29,"column":25},"end":{"line":29,"column":29}},"9":{"start":{"line":30,"column":12},"end":{"line":30,"column":26}},"10":{"start":{"line":31,"column":12},"end":{"line":34,"column":16}},"11":{"start":{"line":32,"column":27},"end":{"line":32,"column":45}},"12":{"start":{"line":33,"column":16},"end":{"line":33,"column":37}},"13":{"start":{"line":39,"column":12},"end":{"line":39,"column":33}},"14":{"start":{"line":40,"column":12},"end":{"line":40,"column":31}},"15":{"start":{"line":41,"column":12},"end":{"line":46,"column":14}},"16":{"start":{"line":42,"column":29},"end":{"line":42,"column":47}},"17":{"start":{"line":43,"column":16},"end":{"line":43,"column":33}},"18":{"start":{"line":44,"column":16},"end":{"line":44,"column":37}},"19":{"start":{"line":45,"column":16},"end":{"line":45,"column":28}},"20":{"start":{"line":51,"column":12},"end":{"line":51,"column":28}},"21":{"start":{"line":56,"column":12},"end":{"line":56,"column":24}},"22":{"start":{"line":57,"column":12},"end":{"line":57,"column":26}},"23":{"start":{"line":62,"column":12},"end":{"line":62,"column":24}},"24":{"start":{"line":63,"column":12},"end":{"line":63,"column":26}},"25":{"start":{"line":68,"column":12},"end":{"line":68,"column":36}},"26":{"start":{"line":73,"column":12},"end":{"line":73,"column":32}},"27":{"start":{"line":74,"column":12},"end":{"line":85,"column":14}},"28":{"start":{"line":75,"column":16},"end":{"line":84,"column":17}},"29":{"start":{"line":76,"column":20},"end":{"line":76,"column":35}},"30":{"start":{"line":78,"column":20},"end":{"line":83,"column":27}},"31":{"start":{"line":80,"column":28},"end":{"line":80,"column":46}},"32":{"start":{"line":81,"column":28},"end":{"line":81,"column":49}},"33":{"start":{"line":82,"column":28},"end":{"line":82,"column":44}},"34":{"start":{"line":90,"column":12},"end":{"line":90,"column":44}},"35":{"start":{"line":95,"column":12},"end":{"line":95,"column":46}},"36":{"start":{"line":100,"column":12},"end":{"line":100,"column":30}},"37":{"start":{"line":104,"column":4},"end":{"line":104,"column":46}}},"fnMap":{"0":{"name":"(anonymous_0)","decl":{"start":{"line":18,"column":8},"end":{"line":18,"column":9}},"loc":{"start":{"line":23,"column":8},"end":{"line":25,"column":9}},"line":23},"1":{"name":"(anonymous_1)","decl":{"start":{"line":27,"column":8},"end":{"line":27,"column":9}},"loc":{"start":{"line":28,"column":8},"end":{"line":35,"column":9}},"line":28},"2":{"name":"(anonymous_2)","decl":{"start":{"line":31,"column":42},"end":{"line":31,"column":43}},"loc":{"start":{"line":31,"column":65},"end":{"line":34,"column":14}},"line":31},"3":{"name":"(anonymous_3)","decl":{"start":{"line":37,"column":8},"end":{"line":37,"column":9}},"loc":{"start":{"line":38,"column":8},"end":{"line":47,"column":9}},"line":38},"4":{"name":"(anonymous_4)","decl":{"start":{"line":41,"column":81},"end":{"line":41,"column":82}},"loc":{"start":{"line":41,"column":93},"end":{"line":46,"column":13}},"line":41},"5":{"name":"(anonymous_5)","decl":{"start":{"line":49,"column":8},"end":{"line":49,"column":9}},"loc":{"start":{"line":50,"column":8},"end":{"line":52,"column":9}},"line":50},"6":{"name":"(anonymous_6)","decl":{"start":{"line":54,"column":8},"end":{"line":54,"column":9}},"loc":{"start":{"line":55,"column":8},"end":{"line":58,"column":9}},"line":55},"7":{"name":"(anonymous_7)","decl":{"start":{"line":60,"column":8},"end":{"line":60,"column":9}},"loc":{"start":{"line":61,"column":8},"end":{"line":64,"column":9}},"line":61},"8":{"name":"(anonymous_8)","decl":{"start":{"line":66,"column":8},"end":{"line":66,"column":9}},"loc":{"start":{"line":67,"column":8},"end":{"line":69,"column":9}},"line":67},"9":{"name":"(anonymous_9)","decl":{"start":{"line":71,"column":8},"end":{"line":71,"column":9}},"loc":{"start":{"line":72,"column":8},"end":{"line":86,"column":9}},"line":72},"10":{"name":"(anonymous_10)","decl":{"start":{"line":74,"column":31},"end":{"line":74,"column":32}},"loc":{"start":{"line":74,"column":44},"end":{"line":85,"column":13}},"line":74},"11":{"name":"(anonymous_11)","decl":{"start":{"line":79,"column":30},"end":{"line":79,"column":31}},"loc":{"start":{"line":79,"column":42},"end":{"line":83,"column":25}},"line":79},"12":{"name":"(anonymous_12)","decl":{"start":{"line":88,"column":8},"end":{"line":88,"column":9}},"loc":{"start":{"line":89,"column":8},"end":{"line":91,"column":9}},"line":89},"13":{"name":"(anonymous_13)","decl":{"start":{"line":93,"column":8},"end":{"line":93,"column":9}},"loc":{"start":{"line":94,"column":8},"end":{"line":96,"column":9}},"line":94},"14":{"name":"(anonymous_14)","decl":{"start":{"line":98,"column":8},"end":{"line":98,"column":9}},"loc":{"start":{"line":99,"column":8},"end":{"line":101,"column":9}},"line":99}},"branchMap":{"0":{"loc":{"start":{"line":32,"column":27},"end":{"line":32,"column":45}},"type":"binary-expr","locations":[{"start":{"line":32,"column":27},"end":{"line":32,"column":40}},{"start":{"line":32,"column":44},"end":{"line":32,"column":45}}],"line":32},"1":{"loc":{"start":{"line":42,"column":29},"end":{"line":42,"column":47}},"type":"binary-expr","locations":[{"start":{"line":42,"column":29},"end":{"line":42,"column":41}},{"start":{"line":42,"column":45},"end":{"line":42,"column":47}}],"line":42},"2":{"loc":{"start":{"line":75,"column":16},"end":{"line":84,"column":17}},"type":"if","locations":[{"start":{"line":75,"column":16},"end":{"line":84,"column":17}},{"start":{"line":77,"column":23},"end":{"line":84,"column":17}}],"line":75}},"s":{"0":1,"1":1,"2":10,"3":10,"4":10,"5":10,"6":10,"7":10,"8":10,"9":10,"10":10,"11":1,"12":1,"13":13,"14":13,"15":13,"16":4,"17":4,"18":4,"19":4,"20":2,"21":1,"22":1,"23":1,"24":1,"25":2,"26":3,"27":3,"28":3,"29":2,"30":1,"31":1,"32":1,"33":1,"34":1,"35":1,"36":1,"37":1},"f":{"0":10,"1":10,"2":1,"3":13,"4":4,"5":2,"6":1,"7":1,"8":2,"9":3,"10":3,"11":1,"12":1,"13":1,"14":1},"b":{"0":[1,0],"1":[4,0],"2":[2,1]},"_coverageSchema":"1a1c01bbd47fc00a2c39e90264f33305004495a9","hash":"76860268cce23848d64404e73ef6b5d95ce4e3d1"}
,"C:\\Users\\MLGLTP02\\Documents\\projects\\salt-id\\sample-angular-typicode-v1-lazy\\src\\parts\\modal.component.html": {"path":"C:\\Users\\MLGLTP02\\Documents\\projects\\salt-id\\sample-angular-typicode-v1-lazy\\src\\parts\\modal.component.html","statementMap":{"0":{"start":{"line":1,"column":0},"end":{"line":1,"column":1051}}},"fnMap":{},"branchMap":{},"s":{"0":1},"f":{},"b":{},"_coverageSchema":"1a1c01bbd47fc00a2c39e90264f33305004495a9","hash":"864c88afcb86532c1c5685aadc043f5f10f05ae2"}
,"C:\\Users\\MLGLTP02\\Documents\\projects\\salt-id\\sample-angular-typicode-v1-lazy\\src\\parts\\modal.component.ts": {"path":"C:\\Users\\MLGLTP02\\Documents\\projects\\salt-id\\sample-angular-typicode-v1-lazy\\src\\parts\\modal.component.ts","statementMap":{"0":{"start":{"line":6,"column":13},"end":{"line":6,"column":46}},"1":{"start":{"line":16,"column":12},"end":{"line":16,"column":41}},"2":{"start":{"line":21,"column":23},"end":{"line":21,"column":36}},"3":{"start":{"line":22,"column":12},"end":{"line":29,"column":13}},"4":{"start":{"line":23,"column":16},"end":{"line":23,"column":86}},"5":{"start":{"line":24,"column":32},"end":{"line":24,"column":57}},"6":{"start":{"line":25,"column":16},"end":{"line":25,"column":51}},"7":{"start":{"line":25,"column":45},"end":{"line":25,"column":51}},"8":{"start":{"line":26,"column":32},"end":{"line":26,"column":73}},"9":{"start":{"line":27,"column":28},"end":{"line":27,"column":66}},"10":{"start":{"line":28,"column":16},"end":{"line":28,"column":28}},"11":{"start":{"line":33,"column":4},"end":{"line":33,"column":40}},"12":{"start":{"line":34,"column":47},"end":{"line":43,"column":5}},"13":{"start":{"line":45,"column":4},"end":{"line":45,"column":43}}},"fnMap":{"0":{"name":"(anonymous_0)","decl":{"start":{"line":10,"column":8},"end":{"line":10,"column":9}},"loc":{"start":{"line":11,"column":8},"end":{"line":12,"column":9}},"line":11},"1":{"name":"(anonymous_1)","decl":{"start":{"line":14,"column":8},"end":{"line":14,"column":9}},"loc":{"start":{"line":15,"column":8},"end":{"line":17,"column":9}},"line":15},"2":{"name":"(anonymous_2)","decl":{"start":{"line":19,"column":8},"end":{"line":19,"column":9}},"loc":{"start":{"line":20,"column":8},"end":{"line":30,"column":9}},"line":20}},"branchMap":{"0":{"loc":{"start":{"line":16,"column":19},"end":{"line":16,"column":40}},"type":"binary-expr","locations":[{"start":{"line":16,"column":19},"end":{"line":16,"column":29}},{"start":{"line":16,"column":33},"end":{"line":16,"column":40}}],"line":16},"1":{"loc":{"start":{"line":22,"column":12},"end":{"line":29,"column":13}},"type":"if","locations":[{"start":{"line":22,"column":12},"end":{"line":29,"column":13}},{"start":{},"end":{}}],"line":22},"2":{"loc":{"start":{"line":25,"column":16},"end":{"line":25,"column":51}},"type":"if","locations":[{"start":{"line":25,"column":16},"end":{"line":25,"column":51}},{"start":{},"end":{}}],"line":25},"3":{"loc":{"start":{"line":25,"column":20},"end":{"line":25,"column":43}},"type":"binary-expr","locations":[{"start":{"line":25,"column":20},"end":{"line":25,"column":29}},{"start":{"line":25,"column":33},"end":{"line":25,"column":43}}],"line":25}},"s":{"0":1,"1":0,"2":0,"3":0,"4":0,"5":0,"6":0,"7":0,"8":0,"9":0,"10":0,"11":1,"12":1,"13":1},"f":{"0":0,"1":0,"2":0},"b":{"0":[0,0],"1":[0,0],"2":[0,0],"3":[0,0]},"_coverageSchema":"1a1c01bbd47fc00a2c39e90264f33305004495a9","hash":"00484f27a1b33551efa20bb0fa87457e8cc7bc52"}
,"C:\\Users\\MLGLTP02\\Documents\\projects\\salt-id\\sample-angular-typicode-v1-lazy\\src\\services\\post.service.ts": {"path":"C:\\Users\\MLGLTP02\\Documents\\projects\\salt-id\\sample-angular-typicode-v1-lazy\\src\\services\\post.service.ts","statementMap":{"0":{"start":{"line":5,"column":13},"end":{"line":5,"column":41}},"1":{"start":{"line":15,"column":27},"end":{"line":15,"column":74}},"2":{"start":{"line":16,"column":12},"end":{"line":16,"column":26}},"3":{"start":{"line":21,"column":27},"end":{"line":21,"column":78}},"4":{"start":{"line":22,"column":12},"end":{"line":22,"column":26}},"5":{"start":{"line":27,"column":12},"end":{"line":30,"column":13}},"6":{"start":{"line":29,"column":16},"end":{"line":29,"column":92}},"7":{"start":{"line":31,"column":33},"end":{"line":31,"column":70}},"8":{"start":{"line":32,"column":27},"end":{"line":32,"column":95}},"9":{"start":{"line":33,"column":12},"end":{"line":33,"column":26}},"10":{"start":{"line":38,"column":27},"end":{"line":38,"column":108}},"11":{"start":{"line":39,"column":12},"end":{"line":39,"column":26}},"12":{"start":{"line":44,"column":27},"end":{"line":44,"column":113}},"13":{"start":{"line":45,"column":12},"end":{"line":45,"column":26}},"14":{"start":{"line":50,"column":27},"end":{"line":50,"column":107}},"15":{"start":{"line":51,"column":12},"end":{"line":51,"column":26}},"16":{"start":{"line":56,"column":12},"end":{"line":56,"column":44}},"17":{"start":{"line":60,"column":4},"end":{"line":60,"column":50}},"18":{"start":{"line":61,"column":4},"end":{"line":61,"column":51}}},"fnMap":{"0":{"name":"(anonymous_0)","decl":{"start":{"line":9,"column":8},"end":{"line":9,"column":9}},"loc":{"start":{"line":10,"column":8},"end":{"line":11,"column":9}},"line":10},"1":{"name":"(anonymous_1)","decl":{"start":{"line":13,"column":8},"end":{"line":13,"column":9}},"loc":{"start":{"line":14,"column":8},"end":{"line":17,"column":9}},"line":14},"2":{"name":"(anonymous_2)","decl":{"start":{"line":19,"column":8},"end":{"line":19,"column":9}},"loc":{"start":{"line":20,"column":8},"end":{"line":23,"column":9}},"line":20},"3":{"name":"(anonymous_3)","decl":{"start":{"line":25,"column":8},"end":{"line":25,"column":9}},"loc":{"start":{"line":25,"column":75},"end":{"line":34,"column":9}},"line":25},"4":{"name":"(anonymous_4)","decl":{"start":{"line":36,"column":8},"end":{"line":36,"column":9}},"loc":{"start":{"line":37,"column":8},"end":{"line":40,"column":9}},"line":37},"5":{"name":"(anonymous_5)","decl":{"start":{"line":42,"column":8},"end":{"line":42,"column":9}},"loc":{"start":{"line":43,"column":8},"end":{"line":46,"column":9}},"line":43},"6":{"name":"(anonymous_6)","decl":{"start":{"line":48,"column":8},"end":{"line":48,"column":9}},"loc":{"start":{"line":49,"column":8},"end":{"line":52,"column":9}},"line":49},"7":{"name":"(anonymous_7)","decl":{"start":{"line":54,"column":8},"end":{"line":54,"column":9}},"loc":{"start":{"line":55,"column":8},"end":{"line":57,"column":9}},"line":55}},"branchMap":{"0":{"loc":{"start":{"line":25,"column":20},"end":{"line":25,"column":73}},"type":"default-arg","locations":[{"start":{"line":25,"column":69},"end":{"line":25,"column":73}}],"line":25},"1":{"loc":{"start":{"line":27,"column":12},"end":{"line":30,"column":13}},"type":"if","locations":[{"start":{"line":27,"column":12},"end":{"line":30,"column":13}},{"start":{},"end":{}}],"line":27},"2":{"loc":{"start":{"line":31,"column":33},"end":{"line":31,"column":70}},"type":"cond-expr","locations":[{"start":{"line":31,"column":42},"end":{"line":31,"column":65}},{"start":{"line":31,"column":68},"end":{"line":31,"column":70}}],"line":31}},"s":{"0":1,"1":0,"2":0,"3":0,"4":0,"5":13,"6":13,"7":13,"8":13,"9":13,"10":0,"11":0,"12":0,"13":0,"14":1,"15":1,"16":10,"17":1,"18":1},"f":{"0":10,"1":0,"2":0,"3":13,"4":0,"5":0,"6":1,"7":10},"b":{"0":[0],"1":[13,0],"2":[13,0]},"_coverageSchema":"1a1c01bbd47fc00a2c39e90264f33305004495a9","hash":"0fecb763fcfb33729e065adcbfce463e23f4dd5c"}
}
