TN:
SF:src\config.ts
FNF:0
FNH:0
DA:1,1
DA:8,1
LF:2
LH:2
BRF:0
BRH:0
end_of_record
TN:
SF:src\services\todo.service.ts
FN:9,(anonymous_0)
FN:13,(anonymous_1)
FN:19,(anonymous_2)
FN:25,(anonymous_3)
FN:36,(anonymous_4)
FN:42,(anonymous_5)
FN:48,(anonymous_6)
FN:54,(anonymous_7)
FNF:8
FNH:8
FNDA:8,(anonymous_0)
FNDA:1,(anonymous_1)
FNDA:1,(anonymous_2)
FNDA:2,(anonymous_3)
FNDA:1,(anonymous_4)
FNDA:1,(anonymous_5)
FNDA:1,(anonymous_6)
FNDA:8,(anonymous_7)
DA:5,1
DA:15,1
DA:16,1
DA:21,1
DA:22,1
DA:27,2
DA:29,1
DA:31,2
DA:32,2
DA:33,2
DA:38,1
DA:39,1
DA:44,1
DA:45,1
DA:50,1
DA:51,1
DA:56,8
DA:60,1
DA:61,1
LF:19
LH:19
BRDA:25,0,0,1
BRDA:27,1,0,1
BRDA:27,1,1,1
BRDA:31,2,0,1
BRDA:31,2,1,1
BRF:5
BRH:5
end_of_record
